0 verbose cli /usr/bin/node /usr/bin/npm
1 info using npm@10.9.1
2 info using node@v22.22.2
3 silly config load:file:/usr/lib/node_modules/npm/npmrc
4 silly config load:file:/home/androx-os/.npmrc
5 silly config load:file:/home/.npmrc
6 silly config load:file:/etc/npmrc
7 verbose title npm init
8 verbose argv "init" "--yes"
9 verbose logfile logs-max:10 dir:/home/.npm/_logs/2026-05-26T18_51_05_167Z-
10 verbose logfile /home/.npm/_logs/2026-05-26T18_51_05_167Z-debug-0.log
11 silly logfile done cleaning log files
12 silly package data {
12 silly package data   name: 'androx-os',
12 silly package data   version: '1.0.0',
12 silly package data   main: 'index.js',
12 silly package data   scripts: { test: 'echo "Error: no test specified" && exit 1' },
12 silly package data   keywords: [],
12 silly package data   author: '',
12 silly package data   license: 'ISC',
12 silly package data   description: ''
12 silly package data }
13 verbose cwd /home/androx-os
14 verbose os Linux 5.10.233-android12-9-00010-g70ad1d50b2d2-ab14134993
15 verbose node v22.22.2
16 verbose npm  v10.9.1
17 verbose exit 0
18 info ok
