0 verbose cli /usr/bin/node /usr/bin/npm
1 info using npm@10.9.1
2 info using node@v22.22.2
3 silly config load:file:/usr/lib/node_modules/npm/npmrc
4 silly config load:file:/home/.npmrc
5 silly config load:file:/etc/npmrc
6 verbose title npm install socket.io
7 verbose argv "install" "socket.io"
8 verbose logfile logs-max:10 dir:/home/.npm/_logs/2026-05-26T19_30_13_694Z-
9 verbose logfile /home/.npm/_logs/2026-05-26T19_30_13_694Z-debug-0.log
10 silly logfile done cleaning log files
11 silly packumentCache heap:2197815296 maxSize:549453824 maxEntrySize:274726912
12 silly idealTree buildDeps
13 silly fetch manifest socket.io@*
14 silly packumentCache full:https://registry.npmjs.org/socket.io cache-miss
15 http fetch GET 200 https://registry.npmjs.org/socket.io 758ms (cache revalidated)
16 silly packumentCache full:https://registry.npmjs.org/socket.io set size:379231 disposed:false
17 silly placeDep ROOT socket.io@4.8.3 OK for:  want: *
18 silly fetch manifest accepts@~1.3.4
19 silly packumentCache full:https://registry.npmjs.org/accepts cache-miss
20 silly fetch manifest base64id@~2.0.0
21 silly packumentCache full:https://registry.npmjs.org/base64id cache-miss
22 silly fetch manifest cors@~2.8.5
23 silly packumentCache full:https://registry.npmjs.org/cors cache-miss
24 silly fetch manifest debug@~4.4.1
25 silly packumentCache full:https://registry.npmjs.org/debug cache-miss
26 silly fetch manifest engine.io@~6.6.0
27 silly packumentCache full:https://registry.npmjs.org/engine.io cache-miss
28 silly fetch manifest socket.io-adapter@~2.5.2
29 silly packumentCache full:https://registry.npmjs.org/socket.io-adapter cache-miss
30 silly fetch manifest socket.io-parser@~4.2.4
31 silly packumentCache full:https://registry.npmjs.org/socket.io-parser cache-miss
32 http fetch GET 200 https://registry.npmjs.org/cors 137ms (cache revalidated)
33 silly packumentCache full:https://registry.npmjs.org/cors set size:77956 disposed:false
34 http fetch GET 200 https://registry.npmjs.org/debug 328ms (cache revalidated)
35 silly packumentCache full:https://registry.npmjs.org/debug set size:195840 disposed:false
36 http fetch GET 200 https://registry.npmjs.org/accepts 348ms (cache revalidated)
37 silly packumentCache full:https://registry.npmjs.org/accepts set size:77054 disposed:false
38 http fetch GET 200 https://registry.npmjs.org/base64id 593ms (cache revalidated)
39 silly packumentCache full:https://registry.npmjs.org/base64id set size:6136 disposed:false
40 http fetch GET 200 https://registry.npmjs.org/engine.io 597ms (cache revalidated)
41 silly packumentCache full:https://registry.npmjs.org/engine.io set size:392959 disposed:false
42 http fetch GET 200 https://registry.npmjs.org/socket.io-parser 607ms (cache revalidated)
43 silly packumentCache full:https://registry.npmjs.org/socket.io-parser set size:124220 disposed:false
44 http fetch GET 200 https://registry.npmjs.org/socket.io-adapter 622ms (cache revalidated)
45 silly packumentCache full:https://registry.npmjs.org/socket.io-adapter set size:68981 disposed:false
46 silly placeDep ROOT accepts@1.3.8 OK for: socket.io@4.8.3 want: ~1.3.4
47 silly placeDep ROOT base64id@2.0.0 OK for: socket.io@4.8.3 want: ~2.0.0
48 silly placeDep ROOT cors@2.8.6 OK for: socket.io@4.8.3 want: ~2.8.5
49 silly placeDep ROOT debug@4.4.3 OK for: socket.io@4.8.3 want: ~4.4.1
50 silly placeDep ROOT engine.io@6.6.8 OK for: socket.io@4.8.3 want: ~6.6.0
51 silly placeDep ROOT socket.io-adapter@2.5.7 OK for: socket.io@4.8.3 want: ~2.5.2
52 silly placeDep ROOT socket.io-parser@4.2.6 OK for: socket.io@4.8.3 want: ~4.2.4
53 silly fetch manifest mime-types@~2.1.34
54 silly packumentCache full:https://registry.npmjs.org/mime-types cache-miss
55 silly fetch manifest negotiator@0.6.3
56 silly packumentCache full:https://registry.npmjs.org/negotiator cache-miss
57 silly fetch manifest object-assign@^4
58 silly packumentCache full:https://registry.npmjs.org/object-assign cache-miss
59 silly fetch manifest vary@^1
60 silly packumentCache full:https://registry.npmjs.org/vary cache-miss
61 silly fetch manifest ms@^2.1.3
62 silly packumentCache full:https://registry.npmjs.org/ms cache-miss
63 silly fetch manifest @types/cors@^2.8.12
64 silly packumentCache full:https://registry.npmjs.org/@types%2fcors cache-miss
65 silly fetch manifest @types/node@>=10.0.0
66 silly packumentCache full:https://registry.npmjs.org/@types%2fnode cache-miss
67 http fetch GET 200 https://registry.npmjs.org/negotiator 159ms (cache revalidated)
68 silly packumentCache full:https://registry.npmjs.org/negotiator set size:48046 disposed:false
69 silly fetch manifest @types/ws@^8.5.12
70 silly packumentCache full:https://registry.npmjs.org/@types%2fws cache-miss
71 http fetch GET 200 https://registry.npmjs.org/object-assign 164ms (cache revalidated)
72 silly packumentCache full:https://registry.npmjs.org/object-assign set size:28988 disposed:false
73 silly fetch manifest cookie@~0.7.2
74 silly packumentCache full:https://registry.npmjs.org/cookie cache-miss
75 http fetch GET 200 https://registry.npmjs.org/@types%2fcors 165ms (cache revalidated)
76 silly packumentCache full:https://registry.npmjs.org/@types%2fcors set size:56991 disposed:false
77 silly fetch manifest engine.io-parser@~5.2.1
78 silly packumentCache full:https://registry.npmjs.org/engine.io-parser cache-miss
79 http fetch GET 200 https://registry.npmjs.org/ms 177ms (cache revalidated)
80 silly packumentCache full:https://registry.npmjs.org/ms set size:92208 disposed:false
81 silly fetch manifest ws@~8.20.1
82 silly packumentCache full:https://registry.npmjs.org/ws cache-miss
83 http fetch GET 200 https://registry.npmjs.org/vary 183ms (cache revalidated)
84 silly packumentCache full:https://registry.npmjs.org/vary set size:15994 disposed:false
85 silly fetch manifest ws@~8.20.1
86 silly packumentCache full:https://registry.npmjs.org/ws cache-miss
87 http fetch GET 200 https://registry.npmjs.org/@types%2fnode 208ms (cache revalidated)
88 silly packumentCache full:https://registry.npmjs.org/@types%2fnode set size:11015753 disposed:false
89 silly fetch manifest @socket.io/component-emitter@~3.1.0
90 silly packumentCache full:https://registry.npmjs.org/@socket.io%2fcomponent-emitter cache-miss
91 http fetch GET 200 https://registry.npmjs.org/mime-types 430ms (cache revalidated)
92 silly packumentCache full:https://registry.npmjs.org/mime-types set size:139110 disposed:false
93 http fetch GET 200 https://registry.npmjs.org/ws 363ms (cache revalidated)
94 silly packumentCache full:https://registry.npmjs.org/ws set size:427091 disposed:false
95 http fetch GET 200 https://registry.npmjs.org/ws 378ms (cache revalidated)
96 silly packumentCache full:https://registry.npmjs.org/ws set size:427091 disposed:false
97 silly packumentCache full:https://registry.npmjs.org/ws dispose
98 http fetch GET 200 https://registry.npmjs.org/cookie 407ms (cache revalidated)
99 silly packumentCache full:https://registry.npmjs.org/cookie set size:72891 disposed:false
100 http fetch GET 200 https://registry.npmjs.org/engine.io-parser 620ms (cache revalidated)
101 silly packumentCache full:https://registry.npmjs.org/engine.io-parser set size:116455 disposed:false
102 http fetch GET 200 https://registry.npmjs.org/@types%2fws 636ms (cache revalidated)
103 silly packumentCache full:https://registry.npmjs.org/@types%2fws set size:167959 disposed:false
104 http fetch GET 200 https://registry.npmjs.org/@socket.io%2fcomponent-emitter 972ms (cache revalidated)
105 silly packumentCache full:https://registry.npmjs.org/@socket.io%2fcomponent-emitter set size:14099 disposed:false
106 silly placeDep ROOT mime-types@2.1.35 OK for: accepts@1.3.8 want: ~2.1.34
107 silly placeDep ROOT negotiator@0.6.3 OK for: accepts@1.3.8 want: 0.6.3
108 silly fetch manifest mime-db@1.52.0
109 silly packumentCache full:https://registry.npmjs.org/mime-db cache-miss
110 http fetch GET 200 https://registry.npmjs.org/mime-db 145ms (cache revalidated)
111 silly packumentCache full:https://registry.npmjs.org/mime-db set size:164953 disposed:false
112 silly placeDep ROOT object-assign@4.1.1 OK for: cors@2.8.6 want: ^4
113 silly placeDep ROOT vary@1.1.2 OK for: cors@2.8.6 want: ^1
114 silly placeDep ROOT ms@2.1.3 OK for: debug@4.4.3 want: ^2.1.3
115 silly fetch manifest bufferutil@^4.0.1
116 silly packumentCache full:https://registry.npmjs.org/bufferutil cache-miss
117 http fetch GET 200 https://registry.npmjs.org/bufferutil 105ms (cache revalidated)
118 silly packumentCache full:https://registry.npmjs.org/bufferutil set size:52763 disposed:false
119 silly fetch manifest utf-8-validate@>=5.0.2
120 silly packumentCache full:https://registry.npmjs.org/utf-8-validate cache-miss
121 http fetch GET 200 https://registry.npmjs.org/utf-8-validate 84ms (cache revalidated)
122 silly packumentCache full:https://registry.npmjs.org/utf-8-validate set size:77148 disposed:false
123 silly placeDep ROOT @types/cors@2.8.19 OK for: engine.io@6.6.8 want: ^2.8.12
124 silly placeDep ROOT @types/node@25.9.1 OK for: engine.io@6.6.8 want: >=10.0.0
125 silly placeDep ROOT @types/ws@8.18.1 OK for: engine.io@6.6.8 want: ^8.5.12
126 silly placeDep ROOT cookie@0.7.2 OK for: engine.io@6.6.8 want: ~0.7.2
127 silly placeDep ROOT engine.io-parser@5.2.3 OK for: engine.io@6.6.8 want: ~5.2.1
128 silly placeDep ROOT ws@8.20.1 OK for: engine.io@6.6.8 want: ~8.20.1
129 silly fetch manifest @types/node@*
130 silly packumentCache full:https://registry.npmjs.org/@types%2fnode cache-miss
131 silly fetch manifest undici-types@>=7.24.0 <7.24.7
132 silly packumentCache full:https://registry.npmjs.org/undici-types cache-miss
133 http cache https://registry.npmjs.org/@types%2fnode 49ms (cache hit)
134 silly packumentCache full:https://registry.npmjs.org/@types%2fnode set size:11015753 disposed:false
135 http fetch GET 200 https://registry.npmjs.org/undici-types 216ms (cache revalidated)
136 silly packumentCache full:https://registry.npmjs.org/undici-types set size:218393 disposed:false
137 silly placeDep ROOT undici-types@7.24.6 OK for: @types/node@25.9.1 want: >=7.24.0 <7.24.7
138 silly placeDep ROOT mime-db@1.52.0 OK for: mime-types@2.1.35 want: 1.52.0
139 silly placeDep ROOT @socket.io/component-emitter@3.1.2 OK for: socket.io-parser@4.2.6 want: ~3.1.0
140 silly reify moves {}
141 http cache @socket.io/component-emitter@https://registry.npmjs.org/@socket.io/component-emitter/-/component-emitter-3.1.2.tgz 0ms (cache hit)
142 http cache mime-db@https://registry.npmjs.org/mime-db/-/mime-db-1.52.0.tgz 0ms (cache hit)
143 http cache undici-types@https://registry.npmjs.org/undici-types/-/undici-types-7.24.6.tgz 0ms (cache hit)
144 http cache @types/node@https://registry.npmjs.org/@types/node/-/node-25.9.1.tgz 0ms (cache hit)
145 http cache @types/cors@https://registry.npmjs.org/@types/cors/-/cors-2.8.19.tgz 0ms (cache hit)
146 http cache engine.io-parser@https://registry.npmjs.org/engine.io-parser/-/engine.io-parser-5.2.3.tgz 0ms (cache hit)
147 http cache object-assign@https://registry.npmjs.org/object-assign/-/object-assign-4.1.1.tgz 0ms (cache hit)
148 http cache vary@https://registry.npmjs.org/vary/-/vary-1.1.2.tgz 0ms (cache hit)
149 http cache negotiator@https://registry.npmjs.org/negotiator/-/negotiator-0.6.3.tgz 0ms (cache hit)
150 http cache mime-types@https://registry.npmjs.org/mime-types/-/mime-types-2.1.35.tgz 0ms (cache hit)
151 http cache socket.io-parser@https://registry.npmjs.org/socket.io-parser/-/socket.io-parser-4.2.6.tgz 0ms (cache hit)
152 http cache debug@https://registry.npmjs.org/debug/-/debug-4.4.3.tgz 0ms (cache hit)
153 http cache socket.io-adapter@https://registry.npmjs.org/socket.io-adapter/-/socket.io-adapter-2.5.7.tgz 0ms (cache hit)
154 http cache cors@https://registry.npmjs.org/cors/-/cors-2.8.6.tgz 0ms (cache hit)
155 http cache engine.io@https://registry.npmjs.org/engine.io/-/engine.io-6.6.8.tgz 0ms (cache hit)
156 http cache base64id@https://registry.npmjs.org/base64id/-/base64id-2.0.0.tgz 0ms (cache hit)
157 http cache accepts@https://registry.npmjs.org/accepts/-/accepts-1.3.8.tgz 0ms (cache hit)
158 http cache socket.io@https://registry.npmjs.org/socket.io/-/socket.io-4.8.3.tgz 1ms (cache hit)
159 http cache ms@https://registry.npmjs.org/ms/-/ms-2.1.3.tgz 0ms (cache hit)
160 http cache @types/ws@https://registry.npmjs.org/@types/ws/-/ws-8.18.1.tgz 0ms (cache hit)
161 http cache cookie@https://registry.npmjs.org/cookie/-/cookie-0.7.2.tgz 0ms (cache hit)
162 http cache ws@https://registry.npmjs.org/ws/-/ws-8.20.1.tgz 0ms (cache hit)
163 silly ADD node_modules/@socket.io/component-emitter
164 silly ADD node_modules/mime-db
165 silly ADD node_modules/undici-types
166 silly ADD node_modules/ws
167 silly ADD node_modules/engine.io-parser
168 silly ADD node_modules/cookie
169 silly ADD node_modules/@types/ws
170 silly ADD node_modules/@types/node
171 silly ADD node_modules/@types/cors
172 silly ADD node_modules/ms
173 silly ADD node_modules/vary
174 silly ADD node_modules/object-assign
175 silly ADD node_modules/negotiator
176 silly ADD node_modules/mime-types
177 silly ADD node_modules/socket.io-parser
178 silly ADD node_modules/socket.io-adapter
179 silly ADD node_modules/engine.io
180 silly ADD node_modules/debug
181 silly ADD node_modules/cors
182 silly ADD node_modules/base64id
183 silly ADD node_modules/accepts
184 silly ADD node_modules/socket.io
185 verbose cwd /home
186 verbose os Linux 5.10.233-android12-9-00010-g70ad1d50b2d2-ab14134993
187 verbose node v22.22.2
188 verbose npm  v10.9.1
189 verbose exit 0
190 info ok
